<?xml version="1.0" encoding="UTF-8" standalone="no"?><testsuite errors="0" failures="0" name="Search Bookings by Checkin and Checkout Dates" skipped="0" tests="4" time="1.84" timestamp="2023-11-16 12:20:29"><testcase name="Search bookings with valid checkin and checkout dates"/><testcase name="Search bookings with invalid checkin and valid checkout dates"/><testcase name="Search bookings with valid checkin and invalid checkout dates"/><testcase name="Search bookings with both invalid checkin and checkout dates"/></testsuite>